<?xml version="1.0" encoding="utf-8"?>
<TestRun id="a9c523d7-53ce-495d-8dcc-c1ba71f5dd22" name="cyrex@CYREX-MAIN-OFFI 2025-10-12 14:56:11" runUser="CYREX-MAIN-OFFI\cyrex" xmlns="http://microsoft.com/schemas/VisualStudio/TeamTest/2010">
  <Times creation="2025-10-12T14:56:11.6924407-04:00" queuing="2025-10-12T14:56:11.6924411-04:00" start="2025-10-12T14:56:09.8975830-04:00" finish="2025-10-12T14:56:12.0752992-04:00" />
  <TestSettings name="default" id="69b944bf-d514-417a-b413-a0856f5fefba">
    <Deployment runDeploymentRoot="cyrex_CYREX-MAIN-OFFI_2025-10-12_14_56_11" />
  </TestSettings>
  <Results>
    <UnitTestResult executionId="a04ba449-76cb-47f6-9dd1-944084e80c6f" testId="569089f2-3418-4958-8df0-a791bac772dc" testName="Outpost3.Tests.GdUnit.GalaxyGenerationGdTests.GenerateGalaxy_AllStars_WithinRadius" computerName="CYREX-MAIN-OFFI" duration="00:00:00.0010000" startTime="2025-10-12T14:56:11.6246592-04:00" endTime="2025-10-12T14:56:11.6247236-04:00" testType="13cdc9d9-ddb5-4fa4-a97d-d965ccfc6d4b" outcome="Passed" testListId="8c84fa94-04c1-424b-9868-57a2d4851a1d" relativeResultsDirectory="a04ba449-76cb-47f6-9dd1-944084e80c6f" />
    <UnitTestResult executionId="2f81a959-adb6-4c3f-af95-f277111fbf86" testId="6ecf681e-20e9-446a-b287-f92bd47769ab" testName="Outpost3.Tests.GdUnit.GalaxyGenerationGdTests.GenerateGalaxy_Stars_HaveUniqueProceduraNames" computerName="CYREX-MAIN-OFFI" duration="00:00:00.0010000" startTime="2025-10-12T14:56:11.6349566-04:00" endTime="2025-10-12T14:56:11.6350109-04:00" testType="13cdc9d9-ddb5-4fa4-a97d-d965ccfc6d4b" outcome="Failed" testListId="8c84fa94-04c1-424b-9868-57a2d4851a1d" relativeResultsDirectory="2f81a959-adb6-4c3f-af95-f277111fbf86">
      <Output>
        <ErrorInfo>
          <Message>Expecting be equal:
    '50' but is '6'</Message>
          <StackTrace>   at Outpost3.Tests.GdUnit.GalaxyGenerationGdTests.GenerateGalaxy_Stars_HaveUniqueProceduraNames() in C:\Users\cyrex\projects\outpost-3\Tests\GdUnit\GalaxyGenerationGdTests.cs:line 180&#xD;
</StackTrace>
        </ErrorInfo>
      </Output>
    </UnitTestResult>
    <UnitTestResult executionId="fed67397-5ae6-4914-9563-a088c7ad9c3a" testId="c448acff-8eff-4f7f-8287-908e752327e7" testName="Outpost3.Tests.GdUnit.GalaxyGenerationGdTests.GenerateGalaxy_Distribution_ShowsClustering" computerName="CYREX-MAIN-OFFI" duration="00:00:00.0200000" startTime="2025-10-12T14:56:11.6563987-04:00" endTime="2025-10-12T14:56:11.6565159-04:00" testType="13cdc9d9-ddb5-4fa4-a97d-d965ccfc6d4b" outcome="Passed" testListId="8c84fa94-04c1-424b-9868-57a2d4851a1d" relativeResultsDirectory="fed67397-5ae6-4914-9563-a088c7ad9c3a" />
    <UnitTestResult executionId="859a2070-5040-4bf9-93bb-d69005aa7cf4" testId="ee71eee7-13e0-4e1e-b819-e9805cab9f3e" testName="Outpost3.Tests.GdUnit.GalaxyGenerationGdTests.GenerateGalaxy_SolBodies_AreFullyExplored" computerName="CYREX-MAIN-OFFI" duration="00:00:00.0010000" startTime="2025-10-12T14:56:11.6207459-04:00" endTime="2025-10-12T14:56:11.6208252-04:00" testType="13cdc9d9-ddb5-4fa4-a97d-d965ccfc6d4b" outcome="Passed" testListId="8c84fa94-04c1-424b-9868-57a2d4851a1d" relativeResultsDirectory="859a2070-5040-4bf9-93bb-d69005aa7cf4" />
    <UnitTestResult executionId="f4b61025-784a-43ff-9fe0-8f1f0a3ed92d" testId="f913158e-85a3-484c-bd69-7e4d22ace8c4" testName="Outpost3.Tests.GdUnit.GalaxyGenerationGdTests.GenerateGalaxy_Stars_HaveUniqueIds" computerName="CYREX-MAIN-OFFI" duration="00:00:00.0040000" startTime="2025-10-12T14:56:11.6330799-04:00" endTime="2025-10-12T14:56:11.6331484-04:00" testType="13cdc9d9-ddb5-4fa4-a97d-d965ccfc6d4b" outcome="Passed" testListId="8c84fa94-04c1-424b-9868-57a2d4851a1d" relativeResultsDirectory="f4b61025-784a-43ff-9fe0-8f1f0a3ed92d" />
    <UnitTestResult executionId="6502681a-5a7f-434a-92ae-36cfb11712da" testId="9166a1a2-db5b-4b25-b54b-f4dc01f0aa7a" testName="Outpost3.Tests.GdUnit.GalaxyGenerationGdTests.GenerateGalaxy_Always_IncludesSolAtCenter" computerName="CYREX-MAIN-OFFI" duration="00:00:00.0280000" startTime="2025-10-12T14:56:11.6183671-04:00" endTime="2025-10-12T14:56:11.6185694-04:00" testType="13cdc9d9-ddb5-4fa4-a97d-d965ccfc6d4b" outcome="Passed" testListId="8c84fa94-04c1-424b-9868-57a2d4851a1d" relativeResultsDirectory="6502681a-5a7f-434a-92ae-36cfb11712da" />
    <UnitTestResult executionId="4ad76cea-0bea-4f52-af66-6c117012ef2a" testId="2277f410-bff2-48f1-a2a7-3a1009113576" testName="Outpost3.Tests.GdUnit.GalaxyGenerationGdTests.GenerateGalaxy_Stars_HaveValidSpectralClasses" computerName="CYREX-MAIN-OFFI" duration="00:00:00.0020000" startTime="2025-10-12T14:56:11.6275426-04:00" endTime="2025-10-12T14:56:11.6276042-04:00" testType="13cdc9d9-ddb5-4fa4-a97d-d965ccfc6d4b" outcome="Passed" testListId="8c84fa94-04c1-424b-9868-57a2d4851a1d" relativeResultsDirectory="4ad76cea-0bea-4f52-af66-6c117012ef2a" />
    <UnitTestResult executionId="102b7592-8170-4cfd-ae36-2cfa2913402e" testId="cb24f21a-fb3b-4c79-97e5-5efb6e950223" testName="Outpost3.Tests.GdUnit.GalaxyGenerationGdTests.GenerateGalaxy_AllNonSolStars_StartAsDetected" computerName="CYREX-MAIN-OFFI" duration="00:00:00.0010000" startTime="2025-10-12T14:56:11.6231673-04:00" endTime="2025-10-12T14:56:11.6232470-04:00" testType="13cdc9d9-ddb5-4fa4-a97d-d965ccfc6d4b" outcome="Passed" testListId="8c84fa94-04c1-424b-9868-57a2d4851a1d" relativeResultsDirectory="102b7592-8170-4cfd-ae36-2cfa2913402e" />
    <UnitTestResult executionId="6502ee2a-b5d2-4d74-b7f0-d840bd018039" testId="e4fcad97-eef2-4aed-8433-060f13d324ae" testName="Outpost3.Tests.GdUnit.GalaxyGenerationGdTests.GenerateGalaxy_Stars_HavePositiveLuminosity" computerName="CYREX-MAIN-OFFI" startTime="2025-10-12T14:56:11.6287200-04:00" endTime="2025-10-12T14:56:11.6287754-04:00" testType="13cdc9d9-ddb5-4fa4-a97d-d965ccfc6d4b" outcome="Passed" testListId="8c84fa94-04c1-424b-9868-57a2d4851a1d" relativeResultsDirectory="6502ee2a-b5d2-4d74-b7f0-d840bd018039" />
    <UnitTestResult executionId="454f17c4-33ec-401a-beb6-b7abcfb514ff" testId="7cf55a8e-f787-4897-8186-dc0077043298" testName="Outpost3.Tests.GdUnit.GalaxyGenerationGdTests.GenerateGalaxy_WithSeed_ProducesDeterministicResults" computerName="CYREX-MAIN-OFFI" duration="00:00:00.4710000" startTime="2025-10-12T14:56:11.5811130-04:00" endTime="2025-10-12T14:56:11.5819484-04:00" testType="13cdc9d9-ddb5-4fa4-a97d-d965ccfc6d4b" outcome="Failed" testListId="8c84fa94-04c1-424b-9868-57a2d4851a1d" relativeResultsDirectory="454f17c4-33ec-401a-beb6-b7abcfb514ff">
      <Output>
        <ErrorInfo>
          <Message>Expecting be equal:
    "Kepler-01K7CW"
 but is
    "HD-01K7CW"</Message>
          <StackTrace>   at Outpost3.Tests.GdUnit.GalaxyGenerationGdTests.GenerateGalaxy_WithSeed_ProducesDeterministicResults() in C:\Users\cyrex\projects\outpost-3\Tests\GdUnit\GalaxyGenerationGdTests.cs:line 30&#xD;
</StackTrace>
        </ErrorInfo>
      </Output>
    </UnitTestResult>
  </Results>
  <TestDefinitions>
    <UnitTest name="GenerateGalaxy_AllStars_WithinRadius" storage="c:\users\cyrex\projects\outpost-3\tests\bin\debug\net9.0\outpost3.tests.dll" id="569089f2-3418-4958-8df0-a791bac772dc">
      <Execution id="a04ba449-76cb-47f6-9dd1-944084e80c6f" />
      <TestMethod codeBase="C:\Users\cyrex\projects\outpost-3\Tests\bin\Debug\net9.0\Outpost3.Tests.dll" adapterTypeName="executor://gdunit4.testadapter/" className="Outpost3.Tests.GdUnit.GalaxyGenerationGdTests" name="GenerateGalaxy_AllStars_WithinRadius" />
    </UnitTest>
    <UnitTest name="GenerateGalaxy_Always_IncludesSolAtCenter" storage="c:\users\cyrex\projects\outpost-3\tests\bin\debug\net9.0\outpost3.tests.dll" id="9166a1a2-db5b-4b25-b54b-f4dc01f0aa7a">
      <Execution id="6502681a-5a7f-434a-92ae-36cfb11712da" />
      <TestMethod codeBase="C:\Users\cyrex\projects\outpost-3\Tests\bin\Debug\net9.0\Outpost3.Tests.dll" adapterTypeName="executor://gdunit4.testadapter/" className="Outpost3.Tests.GdUnit.GalaxyGenerationGdTests" name="GenerateGalaxy_Always_IncludesSolAtCenter" />
    </UnitTest>
    <UnitTest name="GenerateGalaxy_Distribution_ShowsClustering" storage="c:\users\cyrex\projects\outpost-3\tests\bin\debug\net9.0\outpost3.tests.dll" id="c448acff-8eff-4f7f-8287-908e752327e7">
      <Execution id="fed67397-5ae6-4914-9563-a088c7ad9c3a" />
      <TestMethod codeBase="C:\Users\cyrex\projects\outpost-3\Tests\bin\Debug\net9.0\Outpost3.Tests.dll" adapterTypeName="executor://gdunit4.testadapter/" className="Outpost3.Tests.GdUnit.GalaxyGenerationGdTests" name="GenerateGalaxy_Distribution_ShowsClustering" />
    </UnitTest>
    <UnitTest name="GenerateGalaxy_Stars_HaveValidSpectralClasses" storage="c:\users\cyrex\projects\outpost-3\tests\bin\debug\net9.0\outpost3.tests.dll" id="2277f410-bff2-48f1-a2a7-3a1009113576">
      <Execution id="4ad76cea-0bea-4f52-af66-6c117012ef2a" />
      <TestMethod codeBase="C:\Users\cyrex\projects\outpost-3\Tests\bin\Debug\net9.0\Outpost3.Tests.dll" adapterTypeName="executor://gdunit4.testadapter/" className="Outpost3.Tests.GdUnit.GalaxyGenerationGdTests" name="GenerateGalaxy_Stars_HaveValidSpectralClasses" />
    </UnitTest>
    <UnitTest name="GenerateGalaxy_WithSeed_ProducesDeterministicResults" storage="c:\users\cyrex\projects\outpost-3\tests\bin\debug\net9.0\outpost3.tests.dll" id="7cf55a8e-f787-4897-8186-dc0077043298">
      <Execution id="454f17c4-33ec-401a-beb6-b7abcfb514ff" />
      <TestMethod codeBase="C:\Users\cyrex\projects\outpost-3\Tests\bin\Debug\net9.0\Outpost3.Tests.dll" adapterTypeName="executor://gdunit4.testadapter/" className="Outpost3.Tests.GdUnit.GalaxyGenerationGdTests" name="GenerateGalaxy_WithSeed_ProducesDeterministicResults" />
    </UnitTest>
    <UnitTest name="GenerateGalaxy_Stars_HavePositiveLuminosity" storage="c:\users\cyrex\projects\outpost-3\tests\bin\debug\net9.0\outpost3.tests.dll" id="e4fcad97-eef2-4aed-8433-060f13d324ae">
      <Execution id="6502ee2a-b5d2-4d74-b7f0-d840bd018039" />
      <TestMethod codeBase="C:\Users\cyrex\projects\outpost-3\Tests\bin\Debug\net9.0\Outpost3.Tests.dll" adapterTypeName="executor://gdunit4.testadapter/" className="Outpost3.Tests.GdUnit.GalaxyGenerationGdTests" name="GenerateGalaxy_Stars_HavePositiveLuminosity" />
    </UnitTest>
    <UnitTest name="GenerateGalaxy_Stars_HaveUniqueProceduraNames" storage="c:\users\cyrex\projects\outpost-3\tests\bin\debug\net9.0\outpost3.tests.dll" id="6ecf681e-20e9-446a-b287-f92bd47769ab">
      <Execution id="2f81a959-adb6-4c3f-af95-f277111fbf86" />
      <TestMethod codeBase="C:\Users\cyrex\projects\outpost-3\Tests\bin\Debug\net9.0\Outpost3.Tests.dll" adapterTypeName="executor://gdunit4.testadapter/" className="Outpost3.Tests.GdUnit.GalaxyGenerationGdTests" name="GenerateGalaxy_Stars_HaveUniqueProceduraNames" />
    </UnitTest>
    <UnitTest name="GenerateGalaxy_SolBodies_AreFullyExplored" storage="c:\users\cyrex\projects\outpost-3\tests\bin\debug\net9.0\outpost3.tests.dll" id="ee71eee7-13e0-4e1e-b819-e9805cab9f3e">
      <Execution id="859a2070-5040-4bf9-93bb-d69005aa7cf4" />
      <TestMethod codeBase="C:\Users\cyrex\projects\outpost-3\Tests\bin\Debug\net9.0\Outpost3.Tests.dll" adapterTypeName="executor://gdunit4.testadapter/" className="Outpost3.Tests.GdUnit.GalaxyGenerationGdTests" name="GenerateGalaxy_SolBodies_AreFullyExplored" />
    </UnitTest>
    <UnitTest name="GenerateGalaxy_Stars_HaveUniqueIds" storage="c:\users\cyrex\projects\outpost-3\tests\bin\debug\net9.0\outpost3.tests.dll" id="f913158e-85a3-484c-bd69-7e4d22ace8c4">
      <Execution id="f4b61025-784a-43ff-9fe0-8f1f0a3ed92d" />
      <TestMethod codeBase="C:\Users\cyrex\projects\outpost-3\Tests\bin\Debug\net9.0\Outpost3.Tests.dll" adapterTypeName="executor://gdunit4.testadapter/" className="Outpost3.Tests.GdUnit.GalaxyGenerationGdTests" name="GenerateGalaxy_Stars_HaveUniqueIds" />
    </UnitTest>
    <UnitTest name="GenerateGalaxy_AllNonSolStars_StartAsDetected" storage="c:\users\cyrex\projects\outpost-3\tests\bin\debug\net9.0\outpost3.tests.dll" id="cb24f21a-fb3b-4c79-97e5-5efb6e950223">
      <Execution id="102b7592-8170-4cfd-ae36-2cfa2913402e" />
      <TestMethod codeBase="C:\Users\cyrex\projects\outpost-3\Tests\bin\Debug\net9.0\Outpost3.Tests.dll" adapterTypeName="executor://gdunit4.testadapter/" className="Outpost3.Tests.GdUnit.GalaxyGenerationGdTests" name="GenerateGalaxy_AllNonSolStars_StartAsDetected" />
    </UnitTest>
  </TestDefinitions>
  <TestEntries>
    <TestEntry testId="569089f2-3418-4958-8df0-a791bac772dc" executionId="a04ba449-76cb-47f6-9dd1-944084e80c6f" testListId="8c84fa94-04c1-424b-9868-57a2d4851a1d" />
    <TestEntry testId="6ecf681e-20e9-446a-b287-f92bd47769ab" executionId="2f81a959-adb6-4c3f-af95-f277111fbf86" testListId="8c84fa94-04c1-424b-9868-57a2d4851a1d" />
    <TestEntry testId="c448acff-8eff-4f7f-8287-908e752327e7" executionId="fed67397-5ae6-4914-9563-a088c7ad9c3a" testListId="8c84fa94-04c1-424b-9868-57a2d4851a1d" />
    <TestEntry testId="ee71eee7-13e0-4e1e-b819-e9805cab9f3e" executionId="859a2070-5040-4bf9-93bb-d69005aa7cf4" testListId="8c84fa94-04c1-424b-9868-57a2d4851a1d" />
    <TestEntry testId="f913158e-85a3-484c-bd69-7e4d22ace8c4" executionId="f4b61025-784a-43ff-9fe0-8f1f0a3ed92d" testListId="8c84fa94-04c1-424b-9868-57a2d4851a1d" />
    <TestEntry testId="9166a1a2-db5b-4b25-b54b-f4dc01f0aa7a" executionId="6502681a-5a7f-434a-92ae-36cfb11712da" testListId="8c84fa94-04c1-424b-9868-57a2d4851a1d" />
    <TestEntry testId="2277f410-bff2-48f1-a2a7-3a1009113576" executionId="4ad76cea-0bea-4f52-af66-6c117012ef2a" testListId="8c84fa94-04c1-424b-9868-57a2d4851a1d" />
    <TestEntry testId="cb24f21a-fb3b-4c79-97e5-5efb6e950223" executionId="102b7592-8170-4cfd-ae36-2cfa2913402e" testListId="8c84fa94-04c1-424b-9868-57a2d4851a1d" />
    <TestEntry testId="e4fcad97-eef2-4aed-8433-060f13d324ae" executionId="6502ee2a-b5d2-4d74-b7f0-d840bd018039" testListId="8c84fa94-04c1-424b-9868-57a2d4851a1d" />
    <TestEntry testId="7cf55a8e-f787-4897-8186-dc0077043298" executionId="454f17c4-33ec-401a-beb6-b7abcfb514ff" testListId="8c84fa94-04c1-424b-9868-57a2d4851a1d" />
  </TestEntries>
  <TestLists>
    <TestList name="Results Not in a List" id="8c84fa94-04c1-424b-9868-57a2d4851a1d" />
    <TestList name="All Loaded Results" id="19431567-8539-422a-85d7-44ee4e166bda" />
  </TestLists>
  <ResultSummary outcome="Failed">
    <Counters total="10" executed="10" passed="8" failed="2" error="0" timeout="0" aborted="0" inconclusive="0" passedButRunAborted="0" notRunnable="0" notExecuted="0" disconnected="0" warning="0" completed="0" inProgress="0" pending="0" />
    <Output>
      <StdOut>Running on GdUnit4 test engine version: 5.0.0.0&#xD;
Discover tests from assembly: C:\Users\cyrex\projects\outpost-3\Tests\bin\Debug\net9.0\Outpost3.Tests.dll&#xD;
Discover:  TestSuite Outpost3.Tests.GdUnit.EventStoreWorkflowGdTests with 5 TestCases found.&#xD;
Discover:  TestSuite Outpost3.Tests.GdUnit.FileEventStoreGdTests with 10 TestCases found.&#xD;
Discover:  TestSuite Outpost3.Tests.GdUnit.GalaxyGenerationGdTests with 10 TestCases found.&#xD;
Discover:  TestSuite Outpost3.Tests.GdUnit.SaveLoadGdTests with 9 TestCases found.&#xD;
Discover:  TestSuite Outpost3.Tests.GdUnit.StarDiscoveryGdTests with 9 TestCases found.&#xD;
Discover:  TestSuite Outpost3.Tests.GdUnit.SystemSelectedSerializationGdTests with 9 TestCases found.&#xD;
Discover:  TestSuite Outpost3.Tests.GdUnit.SystemSelectionGdTests with 24 TestCases found.&#xD;
Discover tests done, 7 TestSuites and total 76 Tests found.&#xD;
Running on GdUnit4 test engine version: 5.0.0.0&#xD;
Set test session timeout to: 00:03:00&#xD;
Detected IDE DotNet&#xD;
Starting tests for assembly: C:\Users\cyrex\projects\outpost-3\Tests\bin\Debug\net9.0\Outpost3.Tests.dll&#xD;
Search '.csproj' at C:\Users\cyrex\projects\outpost-3\Tests\bin\Debug\net9.0\Outpost3.Tests.dll&#xD;
Set current working directory to: C:\Users\cyrex\projects\outpost-3\Tests&#xD;
======== Running GdUnit4 Default Test Runner ========&#xD;
Completed tests for assembly: C:\Users\cyrex\projects\outpost-3\Tests\bin\Debug\net9.0\Outpost3.Tests.dll&#xD;
Test execution stopped.&#xD;
</StdOut>
    </Output>
    <RunInfos>
      <RunInfo computerName="CYREX-MAIN-OFFI" outcome="Error" timestamp="2025-10-12T14:56:11.5851581-04:00">
        <Text>Expecting be equal:
    "Kepler-01K7CW"
 but is
    "HD-01K7CW"</Text>
      </RunInfo>
      <RunInfo computerName="CYREX-MAIN-OFFI" outcome="Error" timestamp="2025-10-12T14:56:11.6359957-04:00">
        <Text>Expecting be equal:
    '50' but is '6'</Text>
      </RunInfo>
    </RunInfos>
    <CollectorDataEntries>
      <Collector agentName="CYREX-MAIN-OFFI" uri="datacollector://microsoft/CoverletCodeCoverage/1.0" collectorDisplayName="XPlat code coverage">
        <UriAttachments>
          <UriAttachment>
            <A href="CYREX-MAIN-OFFI\coverage.cobertura.xml"></A>
          </UriAttachment>
          <UriAttachment>
            <A href="CYREX-MAIN-OFFI\coverage.opencover.xml"></A>
          </UriAttachment>
          <UriAttachment>
            <A href="CYREX-MAIN-OFFI\coverage.json"></A>
          </UriAttachment>
        </UriAttachments>
      </Collector>
    </CollectorDataEntries>
  </ResultSummary>
</TestRun>